2025-04-11 11:31:19 - ERROR - Execute fail: docker exec jdk21-container javac file_run_1002/Call.java with exit code 1
2025-04-11 11:50:00 - ERROR - Execute fail: docker exec jdk21-container javac file_run_1002/Call.java with exit code 1
2025-04-11 11:56:44 - ERROR - Execute fail: docker exec jdk21-container javac file_run_1002/Call.java with exit code 1
2025-04-11 13:37:45 - ERROR - Execute fail: docker exec jdk21-container javac file_run_1002/Call.java with exit code 1
2025-04-11 13:40:08 - ERROR - Execute failkkkk: docker exec jdk21-container javac file_run_1002/Call.java with exit code 1
2025-04-11 13:41:55 - ERROR - Execute fail: docker exec jdk21-container javac file_run_1002/Call.java with exit code 1
2025-04-11 13:44:14 - ERROR - Execute fail: docker exec jdk21-container javac file_run_1002/Call.java with exit code 1
2025-04-11 13:44:18 - ERROR - Execute fail: docker exec jdk21-container javac file_run_1002/Call.java with exit code 1
2025-04-11 13:45:56 - ERROR - Execute fail: docker exec jdk21-container javac file_run_1002/Call.java with exit code 1
2025-04-11 13:49:04 - ERROR - Execute fail: docker exec jdk21-container javac file_run_1002/Call.java with exit code 1
2025-04-11 13:53:58 - ERROR - Execute fail: docker exec jdk21-container javac file_run_1002/Call.java with exit code 1
2025-04-11 14:13:03 - ERROR - Execute fail: docker exec jdk21-container javac file_run_1002/Call.java with exit code 1
2025-04-11 14:15:41 - ERROR - Execute fail: docker exec jdk21-container javac file_run_1002/Call.java with exit code 1
2025-04-11 14:30:54 - ERROR - Execute fail: docker exec jdk21-container javac file_run_1002/Call.java with exit code 1
2025-04-11 15:03:26 - ERROR - Execute fail: docker exec jdk21-container javac file_run_1002/Run.java with exit code 2
2025-04-11 15:03:26 - ERROR - Execute fail: docker exec jdk21-container javac file_run_1002/Run.java with exit code 2
2025-04-11 15:03:36 - ERROR - Execute fail: docker exec jdk21-container javac file_run_1002/Run.java with exit code 2
2025-04-11 15:03:37 - ERROR - Execute fail: docker exec jdk21-container javac file_run_1002/Run.java with exit code 2
2025-04-11 15:03:38 - ERROR - Execute fail: docker exec jdk21-container javac file_run_1002/Run.java with exit code 2
2025-04-11 15:07:32 - ERROR - Execute fail: docker exec jdk21-container javac file_run_1002/Run.java with exit code 2
2025-04-11 15:07:32 - ERROR - Execute fail: docker exec jdk21-container javac file_run_1002/Run.java with exit code 2
2025-04-11 15:07:32 - ERROR - Execute fail: docker exec jdk21-container javac file_run_1002/Run.java with exit code 2
2025-04-11 15:36:14 - ERROR - Execute fail: docker exec jdk21-container javac file_run_1002/null.java with exit code 1
2025-04-11 15:48:39 - ERROR - Execute fail: docker exec jdk21-container javac file_run_1002/main.java with exit code 1
2025-04-11 15:49:56 - ERROR - Execute fail: docker exec jdk21-container javac file_run_1002/main.java with exit code 1
2025-04-11 15:50:04 - ERROR - Execute fail: docker exec jdk21-container javac file_run_1002/main.java with exit code 1
2025-04-11 15:51:41 - ERROR - Execute fail: docker exec jdk21-container javac file_run_1002/main.java with exit code 1
2025-04-11 15:53:09 - ERROR - Execute fail: docker exec jdk21-container javac file_run_1002/main.java with exit code 1
2025-04-11 15:54:42 - ERROR - Execute fail: docker exec jdk21-container javac file_run_1002/main.java with exit code 1
2025-04-11 15:58:01 - ERROR - Execute fail: docker exec jdk21-container javac file_run_1002/main.java with exit code 1
2025-04-12 10:49:37 - ERROR - Execute fail: docker exec jdk21-container javac file_run_1002/MyClass.java with exit code 1
2025-04-12 11:10:47 - ERROR - Execute fail: docker exec jdk21-container javac file_run_1002/Car.java with exit code 1
2025-04-12 11:39:36 - ERROR - Execute fail: docker exec jdk21-container javac file_run_1002/Car.java with exit code 1
2025-04-12 12:39:04 - ERROR - Execute fail: docker exec jdk21-container javac file_run_1002/Car.java with exit code 1
2025-04-12 12:42:00 - ERROR - Execute fail: docker exec jdk21-container javac file_run_1002/Car.java with exit code 1
2025-04-12 12:46:48 - ERROR - Execute fail: docker exec jdk21-container javac file_run_1002/Car.java with exit code 1
2025-04-12 12:48:39 - ERROR - Execute fail: docker exec jdk21-container javac file_run_1002/Car.java with exit code 1
2025-04-12 12:49:30 - ERROR - Execute fail: docker exec jdk21-container javac file_run_1002/Car.java with exit code 1
2025-04-12 12:50:06 - ERROR - Execute fail: docker exec jdk21-container javac file_run_1002/Car.java with exit code 1
2025-04-12 12:50:38 - ERROR - Execute fail: docker exec jdk21-container javac file_run_1002/Car.java with exit code 1
2025-04-12 12:53:27 - ERROR - Execute fail: docker exec jdk21-container javac file_run_1002/Car.java with exit code 1
2025-04-12 12:59:16 - ERROR - Execute fail: docker exec jdk21-container javac file_run_1002/Car.java with exit code 1
2025-04-12 12:59:26 - ERROR - Execute fail: docker exec jdk21-container javac file_run_1002/Car.java with exit code 1
2025-04-12 12:59:27 - ERROR - Execute fail: docker exec jdk21-container javac file_run_1002/Car.java with exit code 1
2025-04-12 12:59:27 - ERROR - Execute fail: docker exec jdk21-container javac file_run_1002/Car.java with exit code 1
2025-04-12 13:00:22 - ERROR - Execute fail: docker exec jdk21-container javac file_run_1002/Car.java with exit code 1
2025-04-12 13:01:28 - ERROR - Execute fail: docker exec jdk21-container javac file_run_1002/Car.java with exit code 1
2025-04-12 13:05:38 - ERROR - Execute fail: docker exec jdk21-container javac file_run_1002/Car.java with exit code 1
2025-04-12 13:29:12 - ERROR - Execute fail: docker exec jdk21-container javac file_run_1002/Car.java with exit code 1
2025-04-12 13:29:21 - ERROR - Execute fail: docker exec jdk21-container javac file_run_1002/Car.java with exit code 1
2025-04-12 13:30:48 - ERROR - Execute fail: docker exec jdk21-container javac file_run_1002/Car.java with exit code 1
2025-04-12 13:41:41 - ERROR - Execute fail: docker exec jdk21-container javac file_run_1002/Math.java with exit code 1
2025-04-12 13:42:44 - ERROR - Execute fail: docker exec jdk21-container javac file_run_1002/Math.java with exit code 1
2025-04-12 13:57:06 - ERROR - Execute fail: docker exec jdk21-container javac file_run_1002/Math.java with exit code 1
2025-04-12 16:03:37 - ERROR - Execute fail: docker exec jdk21-container javac file_run_1002/Main.java with exit code 1
2025-04-12 16:05:19 - ERROR - Execute fail: docker exec jdk21-container javac file_run_1002/Main.java with exit code 1
2025-04-12 16:11:11 - ERROR - Execute fail: docker exec jdk21-container javac file_run_1002/Main.java with exit code 1
2025-04-12 16:18:06 - ERROR - Execute fail: docker exec jdk21-container javac file_run_1002/Main.java with exit code 2
2025-04-12 16:23:18 - ERROR - Execute fail: docker exec jdk21-container javac file_run_1002/Main.java with exit code 1
2025-04-12 16:24:53 - ERROR - Execute fail: docker exec jdk21-container javac file_run_1002/Main.java with exit code 1
2025-04-12 16:41:01 - ERROR - Execute fail: docker exec jdk21-container javac file_run_1002/Main.java with exit code 1
